<?xml version="1.0" encoding="UTF-8"?>
<testsuite xmlns:xsi="http://www.w3.org/2001/XMLSchema-instance" xsi:noNamespaceSchemaLocation="https://maven.apache.org/surefire/maven-surefire-plugin/xsd/surefire-test-report-3.0.xsd" version="3.0" name="TestSuite" time="27.059" tests="34" errors="0" skipped="0" failures="0">
  <properties>
[...]
</properties>
  <testcase name="runScenario[&quot;User launch home page of an dsalgo project&quot;, &quot;User launch dsalgo application and test Home page&quot;](1)" classname="Runner.testRunner" time="0.873">
    <system-out><![CDATA[browser value is: chrome
[INFO ] 2023-06-20 19:05:23.693 [main] Loggerload - ===============================================================================================
[INFO ] 2023-06-20 19:05:23.696 [main] Loggerload - [@homePage, @home_pageTS-01] : User launch home page of an dsalgo project
[INFO ] 2023-06-20 19:05:23.696 [main] Loggerload - -----------------------------------------------------------------------------------------------
[INFO ] 2023-06-20 19:05:23.713 [main] Loggerload - User is on DSAlgo portal page
[INFO ] 2023-06-20 19:05:24.017 [main] Loggerload - User clicks on "Getstarted link" on Main Page
[INFO ] 2023-06-20 19:05:24.383 [main] Loggerload - Title of current page is ***** NumpyNinja ****
]]></system-out>
    <system-err><![CDATA[SLF4J: Failed to load class "org.slf4j.impl.StaticLoggerBinder".
SLF4J: Defaulting to no-operation (NOP) logger implementation
SLF4J: See http://www.slf4j.org/codes.html#StaticLoggerBinder for further details.
Starting ChromeDriver 113.0.5672.63 (0e1a4471d5ae5bf128b1bd8f4d627c8cbd55f70c-refs/branch-heads/5672@{#912}) on port 61855
Only local connections are allowed.
Please see https://chromedriver.chromium.org/security-considerations for suggestions on keeping ChromeDriver safe.
ChromeDriver was started successfully.
Jun 20, 2023 7:05:23 PM org.openqa.selenium.remote.ProtocolHandshake createSession
INFO: Detected upstream dialect: W3C
Jun 20, 2023 7:05:23 PM org.openqa.selenium.devtools.CdpVersionFinder findNearestMatch
WARNING: Unable to find an exact match for CDP version 113, so returning the closest version found: a no-op implementation
Jun 20, 2023 7:05:23 PM org.openqa.selenium.devtools.CdpVersionFinder findNearestMatch
INFO: Unable to find CDP implementation matching 113.
Jun 20, 2023 7:05:23 PM org.openqa.selenium.chromium.ChromiumDriver lambda$new$3
WARNING: Unable to find version of CDP to use for . You may need to include a dependency on a specific version of the CDP using something similar to `org.seleniumhq.selenium:selenium-devtools-v86:4.5.0` where the version ("v86") matches the version of the chromium-based browser you're using and the version number of the artifact is the same as Selenium's.
]]></system-err>
  </testcase>
  <testcase name="runScenario[&quot;User is on Home page and click getstarted link &quot;Datastructures&quot; on home page without sign in&quot;, &quot;User launch dsalgo application and test Home page&quot;](2)" classname="Runner.testRunner" time="0.393">
    <system-out><![CDATA[[INFO ] 2023-06-20 19:05:24.429 [main] Loggerload - ===============================================================================================
[INFO ] 2023-06-20 19:05:24.429 [main] Loggerload - [@homePage, @home_pageTS-02] : User is on Home page and click getstarted link "Datastructures" on home page without sign in
[INFO ] 2023-06-20 19:05:24.429 [main] Loggerload - -----------------------------------------------------------------------------------------------
[INFO ] 2023-06-20 19:05:24.430 [main] Loggerload - User is on Home page
[INFO ] 2023-06-20 19:05:24.792 [main] Loggerload - Actual Message : You are not logged in
]]></system-out>
  </testcase>
  <testcase name="runScenario[&quot;User is on Home page and click getstarted link &quot;Arrays&quot; on home page without sign in&quot;, &quot;User launch dsalgo application and test Home page&quot;](3)" classname="Runner.testRunner" time="0.363">
    <system-out><![CDATA[[INFO ] 2023-06-20 19:05:24.807 [main] Loggerload - ===============================================================================================
[INFO ] 2023-06-20 19:05:24.807 [main] Loggerload - [@homePage, @home_pageTS-02] : User is on Home page and click getstarted link "Arrays" on home page without sign in
[INFO ] 2023-06-20 19:05:24.807 [main] Loggerload - -----------------------------------------------------------------------------------------------
[INFO ] 2023-06-20 19:05:24.808 [main] Loggerload - User is on Home page
[INFO ] 2023-06-20 19:05:25.154 [main] Loggerload - Actual Message : You are not logged in
]]></system-out>
  </testcase>
  <testcase name="runScenario[&quot;User is on Home page and click getstarted link &quot;Linkedlist&quot; on home page without sign in&quot;, &quot;User launch dsalgo application and test Home page&quot;](4)" classname="Runner.testRunner" time="0.369">
    <system-out><![CDATA[[INFO ] 2023-06-20 19:05:25.169 [main] Loggerload - ===============================================================================================
[INFO ] 2023-06-20 19:05:25.169 [main] Loggerload - [@homePage, @home_pageTS-02] : User is on Home page and click getstarted link "Linkedlist" on home page without sign in
[INFO ] 2023-06-20 19:05:25.169 [main] Loggerload - -----------------------------------------------------------------------------------------------
[INFO ] 2023-06-20 19:05:25.170 [main] Loggerload - User is on Home page
[INFO ] 2023-06-20 19:05:25.523 [main] Loggerload - Actual Message : You are not logged in
]]></system-out>
  </testcase>
  <testcase name="runScenario[&quot;User is on Home page and click getstarted link &quot;Stack&quot; on home page without sign in&quot;, &quot;User launch dsalgo application and test Home page&quot;](5)" classname="Runner.testRunner" time="0.359">
    <system-out><![CDATA[[INFO ] 2023-06-20 19:05:25.535 [main] Loggerload - ===============================================================================================
[INFO ] 2023-06-20 19:05:25.536 [main] Loggerload - [@homePage, @home_pageTS-02] : User is on Home page and click getstarted link "Stack" on home page without sign in
[INFO ] 2023-06-20 19:05:25.536 [main] Loggerload - -----------------------------------------------------------------------------------------------
[INFO ] 2023-06-20 19:05:25.538 [main] Loggerload - User is on Home page
[INFO ] 2023-06-20 19:05:25.883 [main] Loggerload - Actual Message : You are not logged in
]]></system-out>
  </testcase>
  <testcase name="runScenario[&quot;User is on Home page and click getstarted link &quot;Queue&quot; on home page without sign in&quot;, &quot;User launch dsalgo application and test Home page&quot;](6)" classname="Runner.testRunner" time="0.339">
    <system-out><![CDATA[[INFO ] 2023-06-20 19:05:25.906 [main] Loggerload - ===============================================================================================
[INFO ] 2023-06-20 19:05:25.906 [main] Loggerload - [@homePage, @home_pageTS-02] : User is on Home page and click getstarted link "Queue" on home page without sign in
[INFO ] 2023-06-20 19:05:25.906 [main] Loggerload - -----------------------------------------------------------------------------------------------
[INFO ] 2023-06-20 19:05:25.906 [main] Loggerload - User is on Home page
[INFO ] 2023-06-20 19:05:26.222 [main] Loggerload - Actual Message : You are not logged in
]]></system-out>
  </testcase>
  <testcase name="runScenario[&quot;User is on Home page and click getstarted link &quot;Tree&quot; on home page without sign in&quot;, &quot;User launch dsalgo application and test Home page&quot;](7)" classname="Runner.testRunner" time="0.337">
    <system-out><![CDATA[[INFO ] 2023-06-20 19:05:26.242 [main] Loggerload - ===============================================================================================
[INFO ] 2023-06-20 19:05:26.242 [main] Loggerload - [@homePage, @home_pageTS-02] : User is on Home page and click getstarted link "Tree" on home page without sign in
[INFO ] 2023-06-20 19:05:26.242 [main] Loggerload - -----------------------------------------------------------------------------------------------
[INFO ] 2023-06-20 19:05:26.243 [main] Loggerload - User is on Home page
[INFO ] 2023-06-20 19:05:26.560 [main] Loggerload - Actual Message : You are not logged in
]]></system-out>
  </testcase>
  <testcase name="runScenario[&quot;User is on Home page and click getstarted link &quot;Graph&quot; on home page without sign in&quot;, &quot;User launch dsalgo application and test Home page&quot;](8)" classname="Runner.testRunner" time="0.376">
    <system-out><![CDATA[[INFO ] 2023-06-20 19:05:26.574 [main] Loggerload - ===============================================================================================
[INFO ] 2023-06-20 19:05:26.574 [main] Loggerload - [@homePage, @home_pageTS-02] : User is on Home page and click getstarted link "Graph" on home page without sign in
[INFO ] 2023-06-20 19:05:26.575 [main] Loggerload - -----------------------------------------------------------------------------------------------
[INFO ] 2023-06-20 19:05:26.575 [main] Loggerload - User is on Home page
[INFO ] 2023-06-20 19:05:26.933 [main] Loggerload - Actual Message : You are not logged in
]]></system-out>
  </testcase>
  <testcase name="runScenario[&quot;User is on Home page and click on dropdown &quot;Arrays&quot; without sign in&quot;, &quot;User launch dsalgo application and test Home page&quot;](9)" classname="Runner.testRunner" time="0.343">
    <system-out><![CDATA[[INFO ] 2023-06-20 19:05:26.945 [main] Loggerload - ===============================================================================================
[INFO ] 2023-06-20 19:05:26.946 [main] Loggerload - [@homePage, @home_pageTS-03] : User is on Home page and click on dropdown "Arrays" without sign in
[INFO ] 2023-06-20 19:05:26.946 [main] Loggerload - -----------------------------------------------------------------------------------------------
[INFO ] 2023-06-20 19:05:26.946 [main] Loggerload - User is on Home page
[INFO ] 2023-06-20 19:05:27.044 [main] Loggerload - User clicks on dropdown without login
[INFO ] 2023-06-20 19:05:27.278 [main] Loggerload - Actual Message : You are not logged in
]]></system-out>
  </testcase>
  <testcase name="runScenario[&quot;User is on Home page and click on dropdown &quot;Linkedlist&quot; without sign in&quot;, &quot;User launch dsalgo application and test Home page&quot;](10)" classname="Runner.testRunner" time="0.342">
    <system-out><![CDATA[[INFO ] 2023-06-20 19:05:27.287 [main] Loggerload - ===============================================================================================
[INFO ] 2023-06-20 19:05:27.288 [main] Loggerload - [@homePage, @home_pageTS-03] : User is on Home page and click on dropdown "Linkedlist" without sign in
[INFO ] 2023-06-20 19:05:27.288 [main] Loggerload - -----------------------------------------------------------------------------------------------
[INFO ] 2023-06-20 19:05:27.288 [main] Loggerload - User is on Home page
[INFO ] 2023-06-20 19:05:27.379 [main] Loggerload - User clicks on dropdown without login
[INFO ] 2023-06-20 19:05:27.619 [main] Loggerload - Actual Message : You are not logged in
]]></system-out>
  </testcase>
  <testcase name="runScenario[&quot;User is on Home page and click on dropdown &quot;Stack&quot; without sign in&quot;, &quot;User launch dsalgo application and test Home page&quot;](11)" classname="Runner.testRunner" time="0.318">
    <system-out><![CDATA[[INFO ] 2023-06-20 19:05:27.628 [main] Loggerload - ===============================================================================================
[INFO ] 2023-06-20 19:05:27.629 [main] Loggerload - [@homePage, @home_pageTS-03] : User is on Home page and click on dropdown "Stack" without sign in
[INFO ] 2023-06-20 19:05:27.629 [main] Loggerload - -----------------------------------------------------------------------------------------------
[INFO ] 2023-06-20 19:05:27.629 [main] Loggerload - User is on Home page
[INFO ] 2023-06-20 19:05:27.718 [main] Loggerload - User clicks on dropdown without login
[INFO ] 2023-06-20 19:05:27.937 [main] Loggerload - Actual Message : You are not logged in
]]></system-out>
  </testcase>
  <testcase name="runScenario[&quot;User is on Home page and click on dropdown &quot;Queue&quot; without sign in&quot;, &quot;User launch dsalgo application and test Home page&quot;](12)" classname="Runner.testRunner" time="0.339">
    <system-out><![CDATA[[INFO ] 2023-06-20 19:05:27.946 [main] Loggerload - ===============================================================================================
[INFO ] 2023-06-20 19:05:27.946 [main] Loggerload - [@homePage, @home_pageTS-03] : User is on Home page and click on dropdown "Queue" without sign in
[INFO ] 2023-06-20 19:05:27.946 [main] Loggerload - -----------------------------------------------------------------------------------------------
[INFO ] 2023-06-20 19:05:27.946 [main] Loggerload - User is on Home page
[INFO ] 2023-06-20 19:05:28.031 [main] Loggerload - User clicks on dropdown without login
[INFO ] 2023-06-20 19:05:28.275 [main] Loggerload - Actual Message : You are not logged in
]]></system-out>
  </testcase>
  <testcase name="runScenario[&quot;User is on Home page and click on dropdown &quot;Tree&quot; without sign in&quot;, &quot;User launch dsalgo application and test Home page&quot;](13)" classname="Runner.testRunner" time="0.374">
    <system-out><![CDATA[[INFO ] 2023-06-20 19:05:28.294 [main] Loggerload - ===============================================================================================
[INFO ] 2023-06-20 19:05:28.295 [main] Loggerload - [@homePage, @home_pageTS-03] : User is on Home page and click on dropdown "Tree" without sign in
[INFO ] 2023-06-20 19:05:28.295 [main] Loggerload - -----------------------------------------------------------------------------------------------
[INFO ] 2023-06-20 19:05:28.297 [main] Loggerload - User is on Home page
[INFO ] 2023-06-20 19:05:28.404 [main] Loggerload - User clicks on dropdown without login
[INFO ] 2023-06-20 19:05:28.650 [main] Loggerload - Actual Message : You are not logged in
]]></system-out>
  </testcase>
  <testcase name="runScenario[&quot;User is on Home page and click on dropdown &quot;Graph&quot; without sign in&quot;, &quot;User launch dsalgo application and test Home page&quot;](14)" classname="Runner.testRunner" time="0.352">
    <system-out><![CDATA[[INFO ] 2023-06-20 19:05:28.670 [main] Loggerload - ===============================================================================================
[INFO ] 2023-06-20 19:05:28.671 [main] Loggerload - [@homePage, @home_pageTS-03] : User is on Home page and click on dropdown "Graph" without sign in
[INFO ] 2023-06-20 19:05:28.671 [main] Loggerload - -----------------------------------------------------------------------------------------------
[INFO ] 2023-06-20 19:05:28.672 [main] Loggerload - User is on Home page
[INFO ] 2023-06-20 19:05:28.756 [main] Loggerload - User clicks on dropdown without login
[INFO ] 2023-06-20 19:05:29.003 [main] Loggerload - Actual Message : You are not logged in
]]></system-out>
  </testcase>
  <testcase name="runScenario[&quot;User is on Home page and click on sign in&quot;, &quot;User launch dsalgo application and test Home page&quot;](15)" classname="Runner.testRunner" time="0.262">
    <system-out><![CDATA[[INFO ] 2023-06-20 19:05:29.021 [main] Loggerload - ===============================================================================================
[INFO ] 2023-06-20 19:05:29.021 [main] Loggerload - [@homePage, @home_pageTS-04] : User is on Home page and click on sign in
[INFO ] 2023-06-20 19:05:29.022 [main] Loggerload - -----------------------------------------------------------------------------------------------
[INFO ] 2023-06-20 19:05:29.023 [main] Loggerload - User is on Home page
[INFO ] 2023-06-20 19:05:29.111 [main] Loggerload - User clicks on Sign in 
[INFO ] 2023-06-20 19:05:29.259 [main] Loggerload - User redirected to login page 
[INFO ] 2023-06-20 19:05:29.266 [main] Loggerload - Title of current page is : Login
]]></system-out>
  </testcase>
  <testcase name="runScenario[&quot;User is on Home page and click on Register&quot;, &quot;User launch dsalgo application and test Home page&quot;](16)" classname="Runner.testRunner" time="0.273">
    <system-out><![CDATA[[INFO ] 2023-06-20 19:05:29.276 [main] Loggerload - ===============================================================================================
[INFO ] 2023-06-20 19:05:29.276 [main] Loggerload - [@homePage, @home_pageTS-05] : User is on Home page and click on Register
[INFO ] 2023-06-20 19:05:29.276 [main] Loggerload - -----------------------------------------------------------------------------------------------
[INFO ] 2023-06-20 19:05:29.277 [main] Loggerload - User is on Home page
[INFO ] 2023-06-20 19:05:29.366 [main] Loggerload - User clicks on Register 
[INFO ] 2023-06-20 19:05:29.536 [main] Loggerload - Title of current page is : Registration
]]></system-out>
  </testcase>
  <testcase name="runScenario[&quot;User launch home page of an dsalgo project&quot;, &quot;Validating Register page&quot;](17)" classname="Runner.testRunner" time="0.289">
    <system-out><![CDATA[[INFO ] 2023-06-20 19:05:29.560 [main] Loggerload - ===============================================================================================
[INFO ] 2023-06-20 19:05:29.560 [main] Loggerload - [@register, @TS_register_01] : User launch home page of an dsalgo project
[INFO ] 2023-06-20 19:05:29.561 [main] Loggerload - -----------------------------------------------------------------------------------------------
[INFO ] 2023-06-20 19:05:29.563 [main] Loggerload - User is on DSAlgo portal page
[INFO ] 2023-06-20 19:05:29.685 [main] Loggerload - User clicks on "Getstarted link" on Main Page
[INFO ] 2023-06-20 19:05:29.828 [main] Loggerload - Title of current page is ***** NumpyNinja ****
]]></system-out>
  </testcase>
  <testcase name="runScenario[&quot;The user is presented with error message for empty fields below Username textbox&quot;, &quot;Validating Register page&quot;](18)" classname="Runner.testRunner" time="0.279">
    <system-out><![CDATA[[INFO ] 2023-06-20 19:05:29.838 [main] Loggerload - ===============================================================================================
[INFO ] 2023-06-20 19:05:29.838 [main] Loggerload - [@register, @TS_register_02] : The user is presented with error message for empty fields below Username textbox
[INFO ] 2023-06-20 19:05:29.838 [main] Loggerload - -----------------------------------------------------------------------------------------------
[INFO ] 2023-06-20 19:05:29.840 [main] Loggerload - The user opens Register Page
[INFO ] 2023-06-20 19:05:29.959 [main] Loggerload - The user do not enter any values
[INFO ] 2023-06-20 19:05:29.959 [main] Loggerload - The user clicks on Register button
[INFO ] 2023-06-20 19:05:30.058 [main] Loggerload - Error message is displayed Please fill out this field. an error below Username textbox
]]></system-out>
  </testcase>
  <testcase name="runScenario[&quot;The user is presented with error message for empty fields below Password textbox&quot;, &quot;Validating Register page&quot;](19)" classname="Runner.testRunner" time="0.185">
    <system-out><![CDATA[[INFO ] 2023-06-20 19:05:30.121 [main] Loggerload - ===============================================================================================
[INFO ] 2023-06-20 19:05:30.121 [main] Loggerload - [@register, @TS_register_03] : The user is presented with error message for empty fields below Password textbox
[INFO ] 2023-06-20 19:05:30.121 [main] Loggerload - -----------------------------------------------------------------------------------------------
[INFO ] 2023-06-20 19:05:30.122 [main] Loggerload - The user opens Register Page
[INFO ] 2023-06-20 19:05:30.216 [main] Loggerload - The user enter valid username with other fields empty
[INFO ] 2023-06-20 19:05:30.217 [main] Loggerload - The user enter username as : dsalgo_123
[INFO ] 2023-06-20 19:05:30.241 [main] Loggerload - Error message is displayed Please fill out this field. an error below Password textbox
]]></system-out>
  </testcase>
  <testcase name="runScenario[&quot;The user is presented with error message for empty fields below confirm Password textbox&quot;, &quot;Validating Register page&quot;](20)" classname="Runner.testRunner" time="0.324">
    <system-out><![CDATA[[INFO ] 2023-06-20 19:05:30.311 [main] Loggerload - ===============================================================================================
[INFO ] 2023-06-20 19:05:30.311 [main] Loggerload - [@register, @TS_register_04] : The user is presented with error message for empty fields below confirm Password textbox
[INFO ] 2023-06-20 19:05:30.311 [main] Loggerload - -----------------------------------------------------------------------------------------------
[INFO ] 2023-06-20 19:05:30.313 [main] Loggerload - The user opens Register Page
[INFO ] 2023-06-20 19:05:30.403 [main] Loggerload - The user enter username as : username
[INFO ] 2023-06-20 19:05:30.404 [main] Loggerload - The user enter password as : dsalgo123
[INFO ] 2023-06-20 19:05:30.456 [main] Loggerload - The user clicks on Register button
[INFO ] 2023-06-20 19:05:30.527 [main] Loggerload - Error message is displayed Please fill out this field. an error below Username textbox
]]></system-out>
  </testcase>
  <testcase name="runScenario[&quot;Verifying Register link&quot;, &quot;Validating Login page&quot;](21)" classname="Runner.testRunner" time="0.362">
    <system-out><![CDATA[[INFO ] 2023-06-20 19:05:30.630 [main] Loggerload - ===============================================================================================
[INFO ] 2023-06-20 19:05:30.631 [main] Loggerload - [@signin, @TS_signin_01] : Verifying Register link
[INFO ] 2023-06-20 19:05:30.631 [main] Loggerload - -----------------------------------------------------------------------------------------------
[INFO ] 2023-06-20 19:05:30.636 [main] Loggerload - User is on Sigin Page
[INFO ] 2023-06-20 19:05:30.745 [main] Loggerload - User clicks on Register 
[INFO ] 2023-06-20 19:05:30.971 [main] Loggerload - User redirected to Registraion page 
[INFO ] 2023-06-20 19:05:30.978 [main] Loggerload - Title of the Page : " Registration" 
]]></system-out>
  </testcase>
  <testcase name="runScenario[&quot;User on login page and login with invalid inputs &quot;user&quot; and &quot;&quot;&quot;, &quot;Validating Login page&quot;](22)" classname="Runner.testRunner" time="0.293">
    <system-out><![CDATA[[INFO ] 2023-06-20 19:05:30.988 [main] Loggerload - ===============================================================================================
[INFO ] 2023-06-20 19:05:30.988 [main] Loggerload - [@signin, @TS_signin_02] : User on login page and login with invalid inputs "user" and ""
[INFO ] 2023-06-20 19:05:30.988 [main] Loggerload - -----------------------------------------------------------------------------------------------
[INFO ] 2023-06-20 19:05:30.989 [main] Loggerload - User is on Sigin Page
[INFO ] 2023-06-20 19:05:31.086 [main] Loggerload - User Enter username as " user " and Password as " " 
[INFO ] 2023-06-20 19:05:31.237 [main] Loggerload - Empty field value is validated
[INFO ] 2023-06-20 19:05:31.237 [main] Loggerload - User clicks on login button
]]></system-out>
  </testcase>
  <testcase name="runScenario[&quot;User on login page and login with invalid inputs &quot;&quot; and &quot;passowrd&quot;&quot;, &quot;Validating Login page&quot;](23)" classname="Runner.testRunner" time="0.275">
    <system-out><![CDATA[[INFO ] 2023-06-20 19:05:31.279 [main] Loggerload - ===============================================================================================
[INFO ] 2023-06-20 19:05:31.279 [main] Loggerload - [@signin, @TS_signin_02] : User on login page and login with invalid inputs "" and "passowrd"
[INFO ] 2023-06-20 19:05:31.279 [main] Loggerload - -----------------------------------------------------------------------------------------------
[INFO ] 2023-06-20 19:05:31.280 [main] Loggerload - User is on Sigin Page
[INFO ] 2023-06-20 19:05:31.378 [main] Loggerload - User Enter username as "  " and Password as " passowrd" 
[INFO ] 2023-06-20 19:05:31.511 [main] Loggerload - Empty field value is validated
[INFO ] 2023-06-20 19:05:31.512 [main] Loggerload - User clicks on login button
]]></system-out>
  </testcase>
  <testcase name="runScenario[&quot;User on login page and login with invalid inputs &quot;&quot; and &quot;&quot;&quot;, &quot;Validating Login page&quot;](24)" classname="Runner.testRunner" time="0.261">
    <system-out><![CDATA[[INFO ] 2023-06-20 19:05:31.555 [main] Loggerload - ===============================================================================================
[INFO ] 2023-06-20 19:05:31.556 [main] Loggerload - [@signin, @TS_signin_02] : User on login page and login with invalid inputs "" and ""
[INFO ] 2023-06-20 19:05:31.556 [main] Loggerload - -----------------------------------------------------------------------------------------------
[INFO ] 2023-06-20 19:05:31.557 [main] Loggerload - User is on Sigin Page
[INFO ] 2023-06-20 19:05:31.648 [main] Loggerload - User Enter username as "  " and Password as " " 
[INFO ] 2023-06-20 19:05:31.775 [main] Loggerload - Empty field value is validated
[INFO ] 2023-06-20 19:05:31.776 [main] Loggerload - User clicks on login button
]]></system-out>
  </testcase>
  <testcase name="runScenario[&quot;User on login page and login with invalid and valid inputs from Excel &quot;Sheet1&quot; and 0&quot;, &quot;Validating Login page&quot;](25)" classname="Runner.testRunner" time="1.369">
    <system-out><![CDATA[[INFO ] 2023-06-20 19:05:31.815 [main] Loggerload - ===============================================================================================
[INFO ] 2023-06-20 19:05:31.815 [main] Loggerload - [@signin, @TS_signin_03] : User on login page and login with invalid and valid inputs from Excel "Sheet1" and 0
[INFO ] 2023-06-20 19:05:31.815 [main] Loggerload - -----------------------------------------------------------------------------------------------
[INFO ] 2023-06-20 19:05:31.815 [main] Loggerload - User is on Sigin Page
[INFO ] 2023-06-20 19:05:32.732 [main] Loggerload - User Enter username as " username "and Password as " user" 
[INFO ] 2023-06-20 19:05:32.892 [main] Loggerload - User clicks on login button
[INFO ] 2023-06-20 19:05:32.892 [main] Loggerload - Expected Message - Excel Sheet :  Invalid Username and Password
[INFO ] 2023-06-20 19:05:33.177 [main] Loggerload - Actual Message :  Invalid Username and Password
]]></system-out>
  </testcase>
  <testcase name="runScenario[&quot;User on login page and login with invalid and valid inputs from Excel &quot;Sheet1&quot; and 1&quot;, &quot;Validating Login page&quot;](26)" classname="Runner.testRunner" time="0.484">
    <system-out><![CDATA[[INFO ] 2023-06-20 19:05:33.184 [main] Loggerload - ===============================================================================================
[INFO ] 2023-06-20 19:05:33.185 [main] Loggerload - [@signin, @TS_signin_03] : User on login page and login with invalid and valid inputs from Excel "Sheet1" and 1
[INFO ] 2023-06-20 19:05:33.185 [main] Loggerload - -----------------------------------------------------------------------------------------------
[INFO ] 2023-06-20 19:05:33.185 [main] Loggerload - User is on Sigin Page
[INFO ] 2023-06-20 19:05:33.323 [main] Loggerload - User Enter username as " user "and Password as " username" 
[INFO ] 2023-06-20 19:05:33.464 [main] Loggerload - User clicks on login button
[INFO ] 2023-06-20 19:05:33.464 [main] Loggerload - Expected Message - Excel Sheet :  Invalid Username and Password
[INFO ] 2023-06-20 19:05:33.660 [main] Loggerload - Actual Message :  Invalid Username and Password
]]></system-out>
  </testcase>
  <testcase name="runScenario[&quot;User on login page and login with invalid and valid inputs from Excel &quot;Sheet1&quot; and 2&quot;, &quot;Validating Login page&quot;](27)" classname="Runner.testRunner" time="0.704">
    <system-out><![CDATA[[INFO ] 2023-06-20 19:05:33.669 [main] Loggerload - ===============================================================================================
[INFO ] 2023-06-20 19:05:33.669 [main] Loggerload - [@signin, @TS_signin_03] : User on login page and login with invalid and valid inputs from Excel "Sheet1" and 2
[INFO ] 2023-06-20 19:05:33.669 [main] Loggerload - -----------------------------------------------------------------------------------------------
[INFO ] 2023-06-20 19:05:33.670 [main] Loggerload - User is on Sigin Page
[INFO ] 2023-06-20 19:05:33.808 [main] Loggerload - User Enter username as " username "and Password as " dsalgo123" 
[INFO ] 2023-06-20 19:05:34.023 [main] Loggerload - User clicks on login button
[INFO ] 2023-06-20 19:05:34.023 [main] Loggerload - Expected Message - Excel Sheet :  You are logged in
[INFO ] 2023-06-20 19:05:34.364 [main] Loggerload - Actual Message :  You are logged in
]]></system-out>
  </testcase>
  <testcase name="runScenario[&quot;User on login page and login with invalid and valid inputs from Excel &quot;Sheet1&quot; and 3&quot;, &quot;Validating Login page&quot;](28)" classname="Runner.testRunner" time="0.511">
    <system-out><![CDATA[[INFO ] 2023-06-20 19:05:34.372 [main] Loggerload - ===============================================================================================
[INFO ] 2023-06-20 19:05:34.372 [main] Loggerload - [@signin, @TS_signin_03] : User on login page and login with invalid and valid inputs from Excel "Sheet1" and 3
[INFO ] 2023-06-20 19:05:34.372 [main] Loggerload - -----------------------------------------------------------------------------------------------
[INFO ] 2023-06-20 19:05:34.373 [main] Loggerload - User is on Sigin Page
[INFO ] 2023-06-20 19:05:34.522 [main] Loggerload - User Enter username as " Numpy "and Password as " NumpyNinja" 
[INFO ] 2023-06-20 19:05:34.678 [main] Loggerload - User clicks on login button
[INFO ] 2023-06-20 19:05:34.678 [main] Loggerload - Expected Message - Excel Sheet :  Invalid Username and Password
[INFO ] 2023-06-20 19:05:34.875 [main] Loggerload - Actual Message :  Invalid Username and Password
]]></system-out>
  </testcase>
  <testcase name="runScenario[&quot;Verifying signout link&quot;, &quot;Validating Login page&quot;](29)" classname="Runner.testRunner" time="0.68">
    <system-out><![CDATA[[INFO ] 2023-06-20 19:05:34.883 [main] Loggerload - ===============================================================================================
[INFO ] 2023-06-20 19:05:34.883 [main] Loggerload - [@signin, @TS_signin_04] : Verifying signout link
[INFO ] 2023-06-20 19:05:34.883 [main] Loggerload - -----------------------------------------------------------------------------------------------
[INFO ] 2023-06-20 19:05:35.555 [main] Loggerload - Title of current page isNumpyNinja
]]></system-out>
  </testcase>
  <testcase name="runScenario[&quot;The user is able to navigate to &quot;ARRAY&quot; Data Structure Page&quot;, &quot;User launch dsalgo application and test Array page&quot;](30)" classname="Runner.testRunner" time="0.949">
    <system-out><![CDATA[[INFO ] 2023-06-20 19:05:35.568 [main] Loggerload - ===============================================================================================
[INFO ] 2023-06-20 19:05:35.569 [main] Loggerload - [@array, @TS_array_02] : The user is able to navigate to "ARRAY" Data Structure Page
[INFO ] 2023-06-20 19:05:35.569 [main] Loggerload - -----------------------------------------------------------------------------------------------
[INFO ] 2023-06-20 19:05:35.570 [main] Loggerload - The user is on Signin page of DS Algo portal
[INFO ] 2023-06-20 19:05:35.690 [main] Loggerload - User clicks on login button
[INFO ] 2023-06-20 19:05:36.224 [main] Loggerload - Title of current page isNumpyNinja
[INFO ] 2023-06-20 19:05:36.316 [main] Loggerload - The user is on the home page after logged in
[INFO ] 2023-06-20 19:05:36.317 [main] Loggerload - The user select Array item from the drop down menu
[INFO ] 2023-06-20 19:05:36.498 [main] Loggerload - User redirected to Array Page 
[INFO ] 2023-06-20 19:05:36.502 [main] Loggerload - Title of current page is : Array
]]></system-out>
  </testcase>
  <testcase name="runScenario[&quot;The user is able to navigate to Arrays in Python page&quot;, &quot;User launch dsalgo application and test Array page&quot;](31)" classname="Runner.testRunner" time="1.176">
    <system-out><![CDATA[[INFO ] 2023-06-20 19:05:36.525 [main] Loggerload - ===============================================================================================
[INFO ] 2023-06-20 19:05:36.526 [main] Loggerload - [@array, @TS_array_03] : The user is able to navigate to Arrays in Python page
[INFO ] 2023-06-20 19:05:36.526 [main] Loggerload - -----------------------------------------------------------------------------------------------
[INFO ] 2023-06-20 19:05:36.527 [main] Loggerload - The user is on Signin page of DS Algo portal
[INFO ] 2023-06-20 19:05:36.639 [main] Loggerload - User clicks on login button
[INFO ] 2023-06-20 19:05:37.133 [main] Loggerload - Title of current page isNumpyNinja
[INFO ] 2023-06-20 19:05:37.276 [main] Loggerload - The user is on the Array page after logged in
[INFO ] 2023-06-20 19:05:37.668 [main] Loggerload - User redirected to Arrays in Python Page 
[INFO ] 2023-06-20 19:05:37.677 [main] Loggerload - Title of current page is : Arrays in Python
]]></system-out>
  </testcase>
  <testcase name="runScenario[&quot;The user is able to navigate to a page having an tryEditor from Arrays in Python page&quot;, &quot;User launch dsalgo application and test Array page&quot;](32)" classname="Runner.testRunner" time="1.283">
    <system-out><![CDATA[[INFO ] 2023-06-20 19:05:37.694 [main] Loggerload - ===============================================================================================
[INFO ] 2023-06-20 19:05:37.694 [main] Loggerload - [@array, @TS_array_04] : The user is able to navigate to a page having an tryEditor from Arrays in Python page
[INFO ] 2023-06-20 19:05:37.695 [main] Loggerload - -----------------------------------------------------------------------------------------------
[INFO ] 2023-06-20 19:05:37.696 [main] Loggerload - The user is on Signin page of DS Algo portal
[INFO ] 2023-06-20 19:05:37.809 [main] Loggerload - User clicks on login button
[INFO ] 2023-06-20 19:05:38.300 [main] Loggerload - Title of current page isNumpyNinja
[INFO ] 2023-06-20 19:05:38.441 [main] Loggerload - The user is on the Arrays in Python page after logged in
[INFO ] 2023-06-20 19:05:38.960 [main] Loggerload - User redirected to a page having an tryEditor with a Run button to test
[INFO ] 2023-06-20 19:05:38.964 [main] Loggerload - Title of current page is : Assessment
]]></system-out>
  </testcase>
  <testcase name="runScenario[&quot;The user is able run code in tryEditor for Arrays in Python page&quot;, &quot;User launch dsalgo application and test Array page&quot;](33)" classname="Runner.testRunner" time="1.226">
    <system-out><![CDATA[[INFO ] 2023-06-20 19:05:38.975 [main] Loggerload - ===============================================================================================
[INFO ] 2023-06-20 19:05:38.975 [main] Loggerload - [@array, @TS_array_05] : The user is able run code in tryEditor for Arrays in Python page
[INFO ] 2023-06-20 19:05:38.976 [main] Loggerload - -----------------------------------------------------------------------------------------------
[INFO ] 2023-06-20 19:05:38.977 [main] Loggerload - The user is on Signin page of DS Algo portal
[INFO ] 2023-06-20 19:05:39.077 [main] Loggerload - User clicks on login button
[INFO ] 2023-06-20 19:05:39.545 [main] Loggerload - Title of current page isNumpyNinja
[INFO ] 2023-06-20 19:05:39.546 [main] Loggerload - The user is in a page having an tryEditor with a Run button to test
[INFO ] 2023-06-20 19:05:39.734 [main] Loggerload - Title of current page is : Assessment
[INFO ] 2023-06-20 19:05:39.735 [main] Loggerload - The user enter valid python code in tryEditor from sheetname :pythonCode and row number : 0
[INFO ] 2023-06-20 19:05:40.187 [main] Loggerload - Actual result  : hello
]]></system-out>
  </testcase>
  <testcase name="runScenario[&quot;The user is presented with error message for code with invalid syntax in tryEditor for Arrays in Python page&quot;, &quot;User launch dsalgo application and test Array page&quot;](34)" classname="Runner.testRunner" time="1.087">
    <system-out><![CDATA[[INFO ] 2023-06-20 19:05:40.204 [main] Loggerload - ===============================================================================================
[INFO ] 2023-06-20 19:05:40.205 [main] Loggerload - [@array, @TS_array_06] : The user is presented with error message for code with invalid syntax in tryEditor for Arrays in Python page
[INFO ] 2023-06-20 19:05:40.205 [main] Loggerload - -----------------------------------------------------------------------------------------------
[INFO ] 2023-06-20 19:05:40.206 [main] Loggerload - The user is on Signin page of DS Algo portal
[INFO ] 2023-06-20 19:05:40.312 [main] Loggerload - User clicks on login button
[INFO ] 2023-06-20 19:05:40.812 [main] Loggerload - Title of current page isNumpyNinja
[INFO ] 2023-06-20 19:05:40.813 [main] Loggerload - The user is in a page having an tryEditor with a Run button to test
[INFO ] 2023-06-20 19:05:40.996 [main] Loggerload - Title of current page is : Assessment
[INFO ] 2023-06-20 19:05:40.997 [main] Loggerload - The user enter valid python code in tryEditor from sheetname :pythonCode and row number : 1
[INFO ] 2023-06-20 19:05:41.275 [main] Loggerload - Actual Error message is  : NameError: name 'hello' is not defined on line 1
]]></system-out>
  </testcase>
</testsuite>