<?xml version="1.0" encoding="UTF-8"?>
<testng-results ignored="0" total="34" passed="34" failed="0" skipped="0">
  <reporter-output>
  </reporter-output>
  <suite started-at="2023-06-26T21:54:58 CDT" name="Suite" finished-at="2023-06-26T21:56:01 CDT" duration-ms="62402">
    <groups>
      <group name="cucumber">
        <method signature="AbstractTestNGCucumberTests.runScenario(io.cucumber.testng.PickleWrapper,io.cucumber.testng.FeatureWrapper)[pri:0, instance:Runner.testRunner@508dec2b]" name="runScenario" class="io.cucumber.testng.AbstractTestNGCucumberTests"/>
      </group> <!-- cucumber -->
    </groups>
    <test started-at="2023-06-26T21:54:58 CDT" name="Cucumber extent reports" finished-at="2023-06-26T21:54:58 CDT" duration-ms="14">
    </test> <!-- Cucumber extent reports -->
    <test started-at="2023-06-26T21:54:58 CDT" name="Test" finished-at="2023-06-26T21:56:01 CDT" duration-ms="62284">
      <class name="Runner.testRunner">
        <test-method is-config="true" signature="setUpClass(org.testng.ITestContext)[pri:0, instance:Runner.testRunner@508dec2b]" started-at="2023-06-26T21:54:58 CDT" name="setUpClass" finished-at="2023-06-26T21:55:02 CDT" duration-ms="3849" status="PASS">
          <params>
            <param index="0">
              <value>
                <![CDATA[org.testng.TestRunner@2fc7c36a]]>
              </value>
            </param>
          </params>
          <reporter-output>
          </reporter-output>
        </test-method> <!-- setUpClass -->
        <test-method signature="runScenario(io.cucumber.testng.PickleWrapper,io.cucumber.testng.FeatureWrapper)[pri:0, instance:Runner.testRunner@508dec2b]" started-at="2023-06-26T21:55:02 CDT" name="runScenario" description="Runs Cucumber Scenarios" data-provider="scenarios" finished-at="2023-06-26T21:55:04 CDT" duration-ms="2052" status="PASS">
          <params>
            <param index="0">
              <value>
                <![CDATA["User launch home page of an dsalgo project"]]>
              </value>
            </param>
            <param index="1">
              <value>
                <![CDATA["User launch dsalgo application and test Home page"]]>
              </value>
            </param>
          </params>
          <reporter-output>
          </reporter-output>
        </test-method> <!-- runScenario -->
        <test-method signature="runScenario(io.cucumber.testng.PickleWrapper,io.cucumber.testng.FeatureWrapper)[pri:0, instance:Runner.testRunner@508dec2b]" started-at="2023-06-26T21:55:04 CDT" name="runScenario" description="Runs Cucumber Scenarios" data-provider="scenarios" finished-at="2023-06-26T21:55:05 CDT" duration-ms="526" status="PASS">
          <params>
            <param index="0">
              <value>
                <![CDATA["User is on Home page and click getstarted link "Datastructures" on home page without sign in"]]>
              </value>
            </param>
            <param index="1">
              <value>
                <![CDATA["User launch dsalgo application and test Home page"]]>
              </value>
            </param>
          </params>
          <reporter-output>
          </reporter-output>
        </test-method> <!-- runScenario -->
        <test-method signature="runScenario(io.cucumber.testng.PickleWrapper,io.cucumber.testng.FeatureWrapper)[pri:0, instance:Runner.testRunner@508dec2b]" started-at="2023-06-26T21:55:05 CDT" name="runScenario" description="Runs Cucumber Scenarios" data-provider="scenarios" finished-at="2023-06-26T21:55:05 CDT" duration-ms="475" status="PASS">
          <params>
            <param index="0">
              <value>
                <![CDATA["User is on Home page and click getstarted link "Arrays" on home page without sign in"]]>
              </value>
            </param>
            <param index="1">
              <value>
                <![CDATA["User launch dsalgo application and test Home page"]]>
              </value>
            </param>
          </params>
          <reporter-output>
          </reporter-output>
        </test-method> <!-- runScenario -->
        <test-method signature="runScenario(io.cucumber.testng.PickleWrapper,io.cucumber.testng.FeatureWrapper)[pri:0, instance:Runner.testRunner@508dec2b]" started-at="2023-06-26T21:55:05 CDT" name="runScenario" description="Runs Cucumber Scenarios" data-provider="scenarios" finished-at="2023-06-26T21:55:06 CDT" duration-ms="437" status="PASS">
          <params>
            <param index="0">
              <value>
                <![CDATA["User is on Home page and click getstarted link "Linkedlist" on home page without sign in"]]>
              </value>
            </param>
            <param index="1">
              <value>
                <![CDATA["User launch dsalgo application and test Home page"]]>
              </value>
            </param>
          </params>
          <reporter-output>
          </reporter-output>
        </test-method> <!-- runScenario -->
        <test-method signature="runScenario(io.cucumber.testng.PickleWrapper,io.cucumber.testng.FeatureWrapper)[pri:0, instance:Runner.testRunner@508dec2b]" started-at="2023-06-26T21:55:06 CDT" name="runScenario" description="Runs Cucumber Scenarios" data-provider="scenarios" finished-at="2023-06-26T21:55:06 CDT" duration-ms="437" status="PASS">
          <params>
            <param index="0">
              <value>
                <![CDATA["User is on Home page and click getstarted link "Stack" on home page without sign in"]]>
              </value>
            </param>
            <param index="1">
              <value>
                <![CDATA["User launch dsalgo application and test Home page"]]>
              </value>
            </param>
          </params>
          <reporter-output>
          </reporter-output>
        </test-method> <!-- runScenario -->
        <test-method signature="runScenario(io.cucumber.testng.PickleWrapper,io.cucumber.testng.FeatureWrapper)[pri:0, instance:Runner.testRunner@508dec2b]" started-at="2023-06-26T21:55:06 CDT" name="runScenario" description="Runs Cucumber Scenarios" data-provider="scenarios" finished-at="2023-06-26T21:55:07 CDT" duration-ms="670" status="PASS">
          <params>
            <param index="0">
              <value>
                <![CDATA["User is on Home page and click getstarted link "Queue" on home page without sign in"]]>
              </value>
            </param>
            <param index="1">
              <value>
                <![CDATA["User launch dsalgo application and test Home page"]]>
              </value>
            </param>
          </params>
          <reporter-output>
          </reporter-output>
        </test-method> <!-- runScenario -->
        <test-method signature="runScenario(io.cucumber.testng.PickleWrapper,io.cucumber.testng.FeatureWrapper)[pri:0, instance:Runner.testRunner@508dec2b]" started-at="2023-06-26T21:55:07 CDT" name="runScenario" description="Runs Cucumber Scenarios" data-provider="scenarios" finished-at="2023-06-26T21:55:07 CDT" duration-ms="469" status="PASS">
          <params>
            <param index="0">
              <value>
                <![CDATA["User is on Home page and click getstarted link "Tree" on home page without sign in"]]>
              </value>
            </param>
            <param index="1">
              <value>
                <![CDATA["User launch dsalgo application and test Home page"]]>
              </value>
            </param>
          </params>
          <reporter-output>
          </reporter-output>
        </test-method> <!-- runScenario -->
        <test-method signature="runScenario(io.cucumber.testng.PickleWrapper,io.cucumber.testng.FeatureWrapper)[pri:0, instance:Runner.testRunner@508dec2b]" started-at="2023-06-26T21:55:07 CDT" name="runScenario" description="Runs Cucumber Scenarios" data-provider="scenarios" finished-at="2023-06-26T21:55:08 CDT" duration-ms="462" status="PASS">
          <params>
            <param index="0">
              <value>
                <![CDATA["User is on Home page and click getstarted link "Graph" on home page without sign in"]]>
              </value>
            </param>
            <param index="1">
              <value>
                <![CDATA["User launch dsalgo application and test Home page"]]>
              </value>
            </param>
          </params>
          <reporter-output>
          </reporter-output>
        </test-method> <!-- runScenario -->
        <test-method signature="runScenario(io.cucumber.testng.PickleWrapper,io.cucumber.testng.FeatureWrapper)[pri:0, instance:Runner.testRunner@508dec2b]" started-at="2023-06-26T21:55:08 CDT" name="runScenario" description="Runs Cucumber Scenarios" data-provider="scenarios" finished-at="2023-06-26T21:55:08 CDT" duration-ms="521" status="PASS">
          <params>
            <param index="0">
              <value>
                <![CDATA["User is on Home page and click on dropdown "Arrays" without sign in"]]>
              </value>
            </param>
            <param index="1">
              <value>
                <![CDATA["User launch dsalgo application and test Home page"]]>
              </value>
            </param>
          </params>
          <reporter-output>
          </reporter-output>
        </test-method> <!-- runScenario -->
        <test-method signature="runScenario(io.cucumber.testng.PickleWrapper,io.cucumber.testng.FeatureWrapper)[pri:0, instance:Runner.testRunner@508dec2b]" started-at="2023-06-26T21:55:08 CDT" name="runScenario" description="Runs Cucumber Scenarios" data-provider="scenarios" finished-at="2023-06-26T21:55:09 CDT" duration-ms="524" status="PASS">
          <params>
            <param index="0">
              <value>
                <![CDATA["User is on Home page and click on dropdown "Linkedlist" without sign in"]]>
              </value>
            </param>
            <param index="1">
              <value>
                <![CDATA["User launch dsalgo application and test Home page"]]>
              </value>
            </param>
          </params>
          <reporter-output>
          </reporter-output>
        </test-method> <!-- runScenario -->
        <test-method signature="runScenario(io.cucumber.testng.PickleWrapper,io.cucumber.testng.FeatureWrapper)[pri:0, instance:Runner.testRunner@508dec2b]" started-at="2023-06-26T21:55:09 CDT" name="runScenario" description="Runs Cucumber Scenarios" data-provider="scenarios" finished-at="2023-06-26T21:55:09 CDT" duration-ms="527" status="PASS">
          <params>
            <param index="0">
              <value>
                <![CDATA["User is on Home page and click on dropdown "Stack" without sign in"]]>
              </value>
            </param>
            <param index="1">
              <value>
                <![CDATA["User launch dsalgo application and test Home page"]]>
              </value>
            </param>
          </params>
          <reporter-output>
          </reporter-output>
        </test-method> <!-- runScenario -->
        <test-method signature="runScenario(io.cucumber.testng.PickleWrapper,io.cucumber.testng.FeatureWrapper)[pri:0, instance:Runner.testRunner@508dec2b]" started-at="2023-06-26T21:55:09 CDT" name="runScenario" description="Runs Cucumber Scenarios" data-provider="scenarios" finished-at="2023-06-26T21:55:11 CDT" duration-ms="1070" status="PASS">
          <params>
            <param index="0">
              <value>
                <![CDATA["User is on Home page and click on dropdown "Queue" without sign in"]]>
              </value>
            </param>
            <param index="1">
              <value>
                <![CDATA["User launch dsalgo application and test Home page"]]>
              </value>
            </param>
          </params>
          <reporter-output>
          </reporter-output>
        </test-method> <!-- runScenario -->
        <test-method signature="runScenario(io.cucumber.testng.PickleWrapper,io.cucumber.testng.FeatureWrapper)[pri:0, instance:Runner.testRunner@508dec2b]" started-at="2023-06-26T21:55:11 CDT" name="runScenario" description="Runs Cucumber Scenarios" data-provider="scenarios" finished-at="2023-06-26T21:55:12 CDT" duration-ms="1114" status="PASS">
          <params>
            <param index="0">
              <value>
                <![CDATA["User is on Home page and click on dropdown "Tree" without sign in"]]>
              </value>
            </param>
            <param index="1">
              <value>
                <![CDATA["User launch dsalgo application and test Home page"]]>
              </value>
            </param>
          </params>
          <reporter-output>
          </reporter-output>
        </test-method> <!-- runScenario -->
        <test-method signature="runScenario(io.cucumber.testng.PickleWrapper,io.cucumber.testng.FeatureWrapper)[pri:0, instance:Runner.testRunner@508dec2b]" started-at="2023-06-26T21:55:12 CDT" name="runScenario" description="Runs Cucumber Scenarios" data-provider="scenarios" finished-at="2023-06-26T21:55:12 CDT" duration-ms="755" status="PASS">
          <params>
            <param index="0">
              <value>
                <![CDATA["User is on Home page and click on dropdown "Graph" without sign in"]]>
              </value>
            </param>
            <param index="1">
              <value>
                <![CDATA["User launch dsalgo application and test Home page"]]>
              </value>
            </param>
          </params>
          <reporter-output>
          </reporter-output>
        </test-method> <!-- runScenario -->
        <test-method signature="runScenario(io.cucumber.testng.PickleWrapper,io.cucumber.testng.FeatureWrapper)[pri:0, instance:Runner.testRunner@508dec2b]" started-at="2023-06-26T21:55:12 CDT" name="runScenario" description="Runs Cucumber Scenarios" data-provider="scenarios" finished-at="2023-06-26T21:55:13 CDT" duration-ms="374" status="PASS">
          <params>
            <param index="0">
              <value>
                <![CDATA["User is on Home page and click on sign in"]]>
              </value>
            </param>
            <param index="1">
              <value>
                <![CDATA["User launch dsalgo application and test Home page"]]>
              </value>
            </param>
          </params>
          <reporter-output>
          </reporter-output>
        </test-method> <!-- runScenario -->
        <test-method signature="runScenario(io.cucumber.testng.PickleWrapper,io.cucumber.testng.FeatureWrapper)[pri:0, instance:Runner.testRunner@508dec2b]" started-at="2023-06-26T21:55:13 CDT" name="runScenario" description="Runs Cucumber Scenarios" data-provider="scenarios" finished-at="2023-06-26T21:55:13 CDT" duration-ms="478" status="PASS">
          <params>
            <param index="0">
              <value>
                <![CDATA["User is on Home page and click on Register"]]>
              </value>
            </param>
            <param index="1">
              <value>
                <![CDATA["User launch dsalgo application and test Home page"]]>
              </value>
            </param>
          </params>
          <reporter-output>
          </reporter-output>
        </test-method> <!-- runScenario -->
        <test-method signature="runScenario(io.cucumber.testng.PickleWrapper,io.cucumber.testng.FeatureWrapper)[pri:0, instance:Runner.testRunner@508dec2b]" started-at="2023-06-26T21:55:13 CDT" name="runScenario" description="Runs Cucumber Scenarios" data-provider="scenarios" finished-at="2023-06-26T21:55:14 CDT" duration-ms="431" status="PASS">
          <params>
            <param index="0">
              <value>
                <![CDATA["User launch home page of an dsalgo project"]]>
              </value>
            </param>
            <param index="1">
              <value>
                <![CDATA["Validating Register page"]]>
              </value>
            </param>
          </params>
          <reporter-output>
          </reporter-output>
        </test-method> <!-- runScenario -->
        <test-method signature="runScenario(io.cucumber.testng.PickleWrapper,io.cucumber.testng.FeatureWrapper)[pri:0, instance:Runner.testRunner@508dec2b]" started-at="2023-06-26T21:55:14 CDT" name="runScenario" description="Runs Cucumber Scenarios" data-provider="scenarios" finished-at="2023-06-26T21:55:14 CDT" duration-ms="465" status="PASS">
          <params>
            <param index="0">
              <value>
                <![CDATA["The user is presented with error message for empty fields below Username textbox"]]>
              </value>
            </param>
            <param index="1">
              <value>
                <![CDATA["Validating Register page"]]>
              </value>
            </param>
          </params>
          <reporter-output>
          </reporter-output>
        </test-method> <!-- runScenario -->
        <test-method signature="runScenario(io.cucumber.testng.PickleWrapper,io.cucumber.testng.FeatureWrapper)[pri:0, instance:Runner.testRunner@508dec2b]" started-at="2023-06-26T21:55:14 CDT" name="runScenario" description="Runs Cucumber Scenarios" data-provider="scenarios" finished-at="2023-06-26T21:55:15 CDT" duration-ms="327" status="PASS">
          <params>
            <param index="0">
              <value>
                <![CDATA["The user is presented with error message for empty fields below Password textbox"]]>
              </value>
            </param>
            <param index="1">
              <value>
                <![CDATA["Validating Register page"]]>
              </value>
            </param>
          </params>
          <reporter-output>
          </reporter-output>
        </test-method> <!-- runScenario -->
        <test-method signature="runScenario(io.cucumber.testng.PickleWrapper,io.cucumber.testng.FeatureWrapper)[pri:0, instance:Runner.testRunner@508dec2b]" started-at="2023-06-26T21:55:15 CDT" name="runScenario" description="Runs Cucumber Scenarios" data-provider="scenarios" finished-at="2023-06-26T21:55:15 CDT" duration-ms="625" status="PASS">
          <params>
            <param index="0">
              <value>
                <![CDATA["The user is presented with error message for empty fields below confirm Password textbox"]]>
              </value>
            </param>
            <param index="1">
              <value>
                <![CDATA["Validating Register page"]]>
              </value>
            </param>
          </params>
          <reporter-output>
          </reporter-output>
        </test-method> <!-- runScenario -->
        <test-method signature="runScenario(io.cucumber.testng.PickleWrapper,io.cucumber.testng.FeatureWrapper)[pri:0, instance:Runner.testRunner@508dec2b]" started-at="2023-06-26T21:55:15 CDT" name="runScenario" description="Runs Cucumber Scenarios" data-provider="scenarios" finished-at="2023-06-26T21:55:16 CDT" duration-ms="408" status="PASS">
          <params>
            <param index="0">
              <value>
                <![CDATA["Verifying Register link"]]>
              </value>
            </param>
            <param index="1">
              <value>
                <![CDATA["Validating Login page"]]>
              </value>
            </param>
          </params>
          <reporter-output>
          </reporter-output>
        </test-method> <!-- runScenario -->
        <test-method signature="runScenario(io.cucumber.testng.PickleWrapper,io.cucumber.testng.FeatureWrapper)[pri:0, instance:Runner.testRunner@508dec2b]" started-at="2023-06-26T21:55:16 CDT" name="runScenario" description="Runs Cucumber Scenarios" data-provider="scenarios" finished-at="2023-06-26T21:55:17 CDT" duration-ms="938" status="PASS">
          <params>
            <param index="0">
              <value>
                <![CDATA["User on login page and login with invalid inputs "user" and """]]>
              </value>
            </param>
            <param index="1">
              <value>
                <![CDATA["Validating Login page"]]>
              </value>
            </param>
          </params>
          <reporter-output>
          </reporter-output>
        </test-method> <!-- runScenario -->
        <test-method signature="runScenario(io.cucumber.testng.PickleWrapper,io.cucumber.testng.FeatureWrapper)[pri:0, instance:Runner.testRunner@508dec2b]" started-at="2023-06-26T21:55:17 CDT" name="runScenario" description="Runs Cucumber Scenarios" data-provider="scenarios" finished-at="2023-06-26T21:55:18 CDT" duration-ms="1308" status="PASS">
          <params>
            <param index="0">
              <value>
                <![CDATA["User on login page and login with invalid inputs "" and "passowrd""]]>
              </value>
            </param>
            <param index="1">
              <value>
                <![CDATA["Validating Login page"]]>
              </value>
            </param>
          </params>
          <reporter-output>
          </reporter-output>
        </test-method> <!-- runScenario -->
        <test-method signature="runScenario(io.cucumber.testng.PickleWrapper,io.cucumber.testng.FeatureWrapper)[pri:0, instance:Runner.testRunner@508dec2b]" started-at="2023-06-26T21:55:18 CDT" name="runScenario" description="Runs Cucumber Scenarios" data-provider="scenarios" finished-at="2023-06-26T21:55:19 CDT" duration-ms="1194" status="PASS">
          <params>
            <param index="0">
              <value>
                <![CDATA["User on login page and login with invalid inputs "" and """]]>
              </value>
            </param>
            <param index="1">
              <value>
                <![CDATA["Validating Login page"]]>
              </value>
            </param>
          </params>
          <reporter-output>
          </reporter-output>
        </test-method> <!-- runScenario -->
        <test-method signature="runScenario(io.cucumber.testng.PickleWrapper,io.cucumber.testng.FeatureWrapper)[pri:0, instance:Runner.testRunner@508dec2b]" started-at="2023-06-26T21:55:19 CDT" name="runScenario" description="Runs Cucumber Scenarios" data-provider="scenarios" finished-at="2023-06-26T21:55:22 CDT" duration-ms="3100" status="PASS">
          <params>
            <param index="0">
              <value>
                <![CDATA["User on login page and login with invalid and valid inputs from Excel "Sheet1" and 0"]]>
              </value>
            </param>
            <param index="1">
              <value>
                <![CDATA["Validating Login page"]]>
              </value>
            </param>
          </params>
          <reporter-output>
          </reporter-output>
        </test-method> <!-- runScenario -->
        <test-method signature="runScenario(io.cucumber.testng.PickleWrapper,io.cucumber.testng.FeatureWrapper)[pri:0, instance:Runner.testRunner@508dec2b]" started-at="2023-06-26T21:55:22 CDT" name="runScenario" description="Runs Cucumber Scenarios" data-provider="scenarios" finished-at="2023-06-26T21:55:23 CDT" duration-ms="1011" status="PASS">
          <params>
            <param index="0">
              <value>
                <![CDATA["User on login page and login with invalid and valid inputs from Excel "Sheet1" and 1"]]>
              </value>
            </param>
            <param index="1">
              <value>
                <![CDATA["Validating Login page"]]>
              </value>
            </param>
          </params>
          <reporter-output>
          </reporter-output>
        </test-method> <!-- runScenario -->
        <test-method signature="runScenario(io.cucumber.testng.PickleWrapper,io.cucumber.testng.FeatureWrapper)[pri:0, instance:Runner.testRunner@508dec2b]" started-at="2023-06-26T21:55:23 CDT" name="runScenario" description="Runs Cucumber Scenarios" data-provider="scenarios" finished-at="2023-06-26T21:55:26 CDT" duration-ms="3258" status="PASS">
          <params>
            <param index="0">
              <value>
                <![CDATA["User on login page and login with invalid and valid inputs from Excel "Sheet1" and 2"]]>
              </value>
            </param>
            <param index="1">
              <value>
                <![CDATA["Validating Login page"]]>
              </value>
            </param>
          </params>
          <reporter-output>
          </reporter-output>
        </test-method> <!-- runScenario -->
        <test-method signature="runScenario(io.cucumber.testng.PickleWrapper,io.cucumber.testng.FeatureWrapper)[pri:0, instance:Runner.testRunner@508dec2b]" started-at="2023-06-26T21:55:26 CDT" name="runScenario" description="Runs Cucumber Scenarios" data-provider="scenarios" finished-at="2023-06-26T21:55:29 CDT" duration-ms="2279" status="PASS">
          <params>
            <param index="0">
              <value>
                <![CDATA["User on login page and login with invalid and valid inputs from Excel "Sheet1" and 3"]]>
              </value>
            </param>
            <param index="1">
              <value>
                <![CDATA["Validating Login page"]]>
              </value>
            </param>
          </params>
          <reporter-output>
          </reporter-output>
        </test-method> <!-- runScenario -->
        <test-method signature="runScenario(io.cucumber.testng.PickleWrapper,io.cucumber.testng.FeatureWrapper)[pri:0, instance:Runner.testRunner@508dec2b]" started-at="2023-06-26T21:55:29 CDT" name="runScenario" description="Runs Cucumber Scenarios" data-provider="scenarios" finished-at="2023-06-26T21:55:31 CDT" duration-ms="2721" status="PASS">
          <params>
            <param index="0">
              <value>
                <![CDATA["Verifying signout link"]]>
              </value>
            </param>
            <param index="1">
              <value>
                <![CDATA["Validating Login page"]]>
              </value>
            </param>
          </params>
          <reporter-output>
          </reporter-output>
        </test-method> <!-- runScenario -->
        <test-method signature="runScenario(io.cucumber.testng.PickleWrapper,io.cucumber.testng.FeatureWrapper)[pri:0, instance:Runner.testRunner@508dec2b]" started-at="2023-06-26T21:55:31 CDT" name="runScenario" description="Runs Cucumber Scenarios" data-provider="scenarios" finished-at="2023-06-26T21:55:35 CDT" duration-ms="4006" status="PASS">
          <params>
            <param index="0">
              <value>
                <![CDATA["The user is able to navigate to "ARRAY" Data Structure Page"]]>
              </value>
            </param>
            <param index="1">
              <value>
                <![CDATA["User launch dsalgo application and test Array page"]]>
              </value>
            </param>
          </params>
          <reporter-output>
          </reporter-output>
        </test-method> <!-- runScenario -->
        <test-method signature="runScenario(io.cucumber.testng.PickleWrapper,io.cucumber.testng.FeatureWrapper)[pri:0, instance:Runner.testRunner@508dec2b]" started-at="2023-06-26T21:55:35 CDT" name="runScenario" description="Runs Cucumber Scenarios" data-provider="scenarios" finished-at="2023-06-26T21:55:38 CDT" duration-ms="2721" status="PASS">
          <params>
            <param index="0">
              <value>
                <![CDATA["The user is able to navigate to Arrays in Python page"]]>
              </value>
            </param>
            <param index="1">
              <value>
                <![CDATA["User launch dsalgo application and test Array page"]]>
              </value>
            </param>
          </params>
          <reporter-output>
          </reporter-output>
        </test-method> <!-- runScenario -->
        <test-method signature="runScenario(io.cucumber.testng.PickleWrapper,io.cucumber.testng.FeatureWrapper)[pri:0, instance:Runner.testRunner@508dec2b]" started-at="2023-06-26T21:55:38 CDT" name="runScenario" description="Runs Cucumber Scenarios" data-provider="scenarios" finished-at="2023-06-26T21:55:46 CDT" duration-ms="7618" status="PASS">
          <params>
            <param index="0">
              <value>
                <![CDATA["The user is able to navigate to a page having an tryEditor from Arrays in Python page"]]>
              </value>
            </param>
            <param index="1">
              <value>
                <![CDATA["User launch dsalgo application and test Array page"]]>
              </value>
            </param>
          </params>
          <reporter-output>
          </reporter-output>
        </test-method> <!-- runScenario -->
        <test-method signature="runScenario(io.cucumber.testng.PickleWrapper,io.cucumber.testng.FeatureWrapper)[pri:0, instance:Runner.testRunner@508dec2b]" started-at="2023-06-26T21:55:46 CDT" name="runScenario" description="Runs Cucumber Scenarios" data-provider="scenarios" finished-at="2023-06-26T21:55:48 CDT" duration-ms="2030" status="PASS">
          <params>
            <param index="0">
              <value>
                <![CDATA["The user is able run code in tryEditor for Arrays in Python page"]]>
              </value>
            </param>
            <param index="1">
              <value>
                <![CDATA["User launch dsalgo application and test Array page"]]>
              </value>
            </param>
          </params>
          <reporter-output>
          </reporter-output>
        </test-method> <!-- runScenario -->
        <test-method signature="runScenario(io.cucumber.testng.PickleWrapper,io.cucumber.testng.FeatureWrapper)[pri:0, instance:Runner.testRunner@508dec2b]" started-at="2023-06-26T21:55:48 CDT" name="runScenario" description="Runs Cucumber Scenarios" data-provider="scenarios" finished-at="2023-06-26T21:55:50 CDT" duration-ms="1730" status="PASS">
          <params>
            <param index="0">
              <value>
                <![CDATA["The user is presented with error message for code with invalid syntax in tryEditor for Arrays in Python page"]]>
              </value>
            </param>
            <param index="1">
              <value>
                <![CDATA["User launch dsalgo application and test Array page"]]>
              </value>
            </param>
          </params>
          <reporter-output>
          </reporter-output>
        </test-method> <!-- runScenario -->
        <test-method is-config="true" signature="tearDownClass()[pri:0, instance:Runner.testRunner@508dec2b]" started-at="2023-06-26T21:55:50 CDT" name="tearDownClass" finished-at="2023-06-26T21:56:01 CDT" duration-ms="11128" status="PASS">
          <reporter-output>
          </reporter-output>
        </test-method> <!-- tearDownClass -->
      </class> <!-- Runner.testRunner -->
    </test> <!-- Test -->
  </suite> <!-- Suite -->
</testng-results>
